0 info it worked if it ends with ok
1 verbose cli [ 'C:\\Program Files\\nodejs\\node.exe',
1 verbose cli   'C:\\Program Files\\nodejs\\node_modules\\npm\\bin\\npm-cli.js',
1 verbose cli   'i',
1 verbose cli   '--save',
1 verbose cli   'bcrypt-as-promised' ]
2 info using npm@3.10.10
3 info using node@v6.11.1
4 silly loadCurrentTree Starting
5 silly install loadCurrentTree
6 silly install readLocalPackageData
7 silly fetchPackageMetaData bcrypt-as-promised
8 silly fetchNamedPackageData bcrypt-as-promised
9 silly mapToRegistry name bcrypt-as-promised
10 silly mapToRegistry using default registry
11 silly mapToRegistry registry https://registry.npmjs.org/
12 silly mapToRegistry data Result {
12 silly mapToRegistry   raw: 'bcrypt-as-promised',
12 silly mapToRegistry   scope: null,
12 silly mapToRegistry   escapedName: 'bcrypt-as-promised',
12 silly mapToRegistry   name: 'bcrypt-as-promised',
12 silly mapToRegistry   rawSpec: '',
12 silly mapToRegistry   spec: 'latest',
12 silly mapToRegistry   type: 'tag' }
13 silly mapToRegistry uri https://registry.npmjs.org/bcrypt-as-promised
14 verbose request uri https://registry.npmjs.org/bcrypt-as-promised
15 verbose request no auth needed
16 info attempt registry request try #1 at 08:23:55
17 verbose request id 97235a9db0bef077
18 verbose etag W/"5693f549-1483"
19 verbose lastModified Mon, 11 Jan 2016 18:32:41 GMT
20 http request GET https://registry.npmjs.org/bcrypt-as-promised
21 http 304 https://registry.npmjs.org/bcrypt-as-promised
22 verbose headers { date: 'Thu, 20 Jul 2017 05:23:40 GMT',
22 verbose headers   via: '1.1 varnish',
22 verbose headers   'cache-control': 'max-age=300',
22 verbose headers   etag: 'W/"5693f549-1483"',
22 verbose headers   age: '0',
22 verbose headers   connection: 'keep-alive',
22 verbose headers   'x-served-by': 'cache-ams4438-AMS',
22 verbose headers   'x-cache': 'MISS',
22 verbose headers   'x-cache-hits': '0',
22 verbose headers   'x-timer': 'S1500528221.641801,VS0,VE24',
22 verbose headers   vary: 'Accept-Encoding, Accept' }
23 silly get cb [ 304,
23 silly get   { date: 'Thu, 20 Jul 2017 05:23:40 GMT',
23 silly get     via: '1.1 varnish',
23 silly get     'cache-control': 'max-age=300',
23 silly get     etag: 'W/"5693f549-1483"',
23 silly get     age: '0',
23 silly get     connection: 'keep-alive',
23 silly get     'x-served-by': 'cache-ams4438-AMS',
23 silly get     'x-cache': 'MISS',
23 silly get     'x-cache-hits': '0',
23 silly get     'x-timer': 'S1500528221.641801,VS0,VE24',
23 silly get     vary: 'Accept-Encoding, Accept' } ]
24 verbose etag https://registry.npmjs.org/bcrypt-as-promised from cache
25 verbose get saving bcrypt-as-promised to C:\Users\Owl Consular\AppData\Roaming\npm-cache\registry.npmjs.org\bcrypt-as-promised\.cache.json
26 verbose correctMkdir C:\Users\Owl Consular\AppData\Roaming\npm-cache correctMkdir not in flight; initializing
27 silly install normalizeTree
28 silly loadCurrentTree Finishing
29 silly loadIdealTree Starting
30 silly install loadIdealTree
31 silly cloneCurrentTree Starting
32 silly install cloneCurrentTreeToIdealTree
33 silly cloneCurrentTree Finishing
34 silly loadShrinkwrap Starting
35 silly install loadShrinkwrap
36 silly loadShrinkwrap Finishing
37 silly loadAllDepsIntoIdealTree Starting
38 silly install loadAllDepsIntoIdealTree
39 silly resolveWithNewModule bcrypt-as-promised@1.1.0 checking installable status
40 silly cache add args [ 'bcrypt-as-promised', null ]
41 verbose cache add spec bcrypt-as-promised
42 silly cache add parsed spec Result {
42 silly cache add   raw: 'bcrypt-as-promised',
42 silly cache add   scope: null,
42 silly cache add   escapedName: 'bcrypt-as-promised',
42 silly cache add   name: 'bcrypt-as-promised',
42 silly cache add   rawSpec: '',
42 silly cache add   spec: 'latest',
42 silly cache add   type: 'tag' }
43 silly addNamed bcrypt-as-promised@latest
44 verbose addNamed "latest" is being treated as a dist-tag for bcrypt-as-promised
45 info addNameTag [ 'bcrypt-as-promised', 'latest' ]
46 silly mapToRegistry name bcrypt-as-promised
47 silly mapToRegistry using default registry
48 silly mapToRegistry registry https://registry.npmjs.org/
49 silly mapToRegistry data Result {
49 silly mapToRegistry   raw: 'bcrypt-as-promised',
49 silly mapToRegistry   scope: null,
49 silly mapToRegistry   escapedName: 'bcrypt-as-promised',
49 silly mapToRegistry   name: 'bcrypt-as-promised',
49 silly mapToRegistry   rawSpec: '',
49 silly mapToRegistry   spec: 'latest',
49 silly mapToRegistry   type: 'tag' }
50 silly mapToRegistry uri https://registry.npmjs.org/bcrypt-as-promised
51 verbose addNameTag registry:https://registry.npmjs.org/bcrypt-as-promised not in flight; fetching
52 verbose get https://registry.npmjs.org/bcrypt-as-promised not expired, no request
53 silly addNameTag next cb for bcrypt-as-promised with tag latest
54 silly addNamed bcrypt-as-promised@1.1.0
55 verbose addNamed "1.1.0" is a plain semver version for bcrypt-as-promised
56 silly cache afterAdd bcrypt-as-promised@1.1.0
57 verbose afterAdd C:\Users\Owl Consular\AppData\Roaming\npm-cache\bcrypt-as-promised\1.1.0\package\package.json not in flight; writing
58 verbose correctMkdir C:\Users\Owl Consular\AppData\Roaming\npm-cache correctMkdir not in flight; initializing
59 verbose afterAdd C:\Users\Owl Consular\AppData\Roaming\npm-cache\bcrypt-as-promised\1.1.0\package\package.json written
60 silly fetchNamedPackageData bcrypt
61 silly mapToRegistry name bcrypt
62 silly mapToRegistry using default registry
63 silly mapToRegistry registry https://registry.npmjs.org/
64 silly mapToRegistry data Result {
64 silly mapToRegistry   raw: 'bcrypt',
64 silly mapToRegistry   scope: null,
64 silly mapToRegistry   escapedName: 'bcrypt',
64 silly mapToRegistry   name: 'bcrypt',
64 silly mapToRegistry   rawSpec: '',
64 silly mapToRegistry   spec: 'latest',
64 silly mapToRegistry   type: 'tag' }
65 silly mapToRegistry uri https://registry.npmjs.org/bcrypt
66 verbose request uri https://registry.npmjs.org/bcrypt
67 verbose request no auth needed
68 info attempt registry request try #1 at 08:24:38
69 verbose etag W/"59645211-17035"
70 verbose lastModified Tue, 11 Jul 2017 04:20:33 GMT
71 http request GET https://registry.npmjs.org/bcrypt
72 http 304 https://registry.npmjs.org/bcrypt
73 verbose headers { date: 'Thu, 20 Jul 2017 05:24:06 GMT',
73 verbose headers   via: '1.1 varnish',
73 verbose headers   'cache-control': 'max-age=300',
73 verbose headers   etag: 'W/"59645211-17035"',
73 verbose headers   age: '171',
73 verbose headers   connection: 'keep-alive',
73 verbose headers   'x-served-by': 'cache-ams4438-AMS',
73 verbose headers   'x-cache': 'HIT',
73 verbose headers   'x-cache-hits': '1',
73 verbose headers   'x-timer': 'S1500528246.272491,VS0,VE0',
73 verbose headers   vary: 'Accept-Encoding, Accept' }
74 silly get cb [ 304,
74 silly get   { date: 'Thu, 20 Jul 2017 05:24:06 GMT',
74 silly get     via: '1.1 varnish',
74 silly get     'cache-control': 'max-age=300',
74 silly get     etag: 'W/"59645211-17035"',
74 silly get     age: '171',
74 silly get     connection: 'keep-alive',
74 silly get     'x-served-by': 'cache-ams4438-AMS',
74 silly get     'x-cache': 'HIT',
74 silly get     'x-cache-hits': '1',
74 silly get     'x-timer': 'S1500528246.272491,VS0,VE0',
74 silly get     vary: 'Accept-Encoding, Accept' } ]
75 verbose etag https://registry.npmjs.org/bcrypt from cache
76 verbose get saving bcrypt to C:\Users\Owl Consular\AppData\Roaming\npm-cache\registry.npmjs.org\bcrypt\.cache.json
77 verbose correctMkdir C:\Users\Owl Consular\AppData\Roaming\npm-cache correctMkdir not in flight; initializing
78 silly resolveWithNewModule bcrypt@0.8.7 checking installable status
79 silly cache add args [ 'bcrypt@^0.8.0', null ]
80 verbose cache add spec bcrypt@^0.8.0
81 silly cache add parsed spec Result {
81 silly cache add   raw: 'bcrypt@^0.8.0',
81 silly cache add   scope: null,
81 silly cache add   escapedName: 'bcrypt',
81 silly cache add   name: 'bcrypt',
81 silly cache add   rawSpec: '^0.8.0',
81 silly cache add   spec: '>=0.8.0 <0.9.0',
81 silly cache add   type: 'range' }
82 silly addNamed bcrypt@>=0.8.0 <0.9.0
83 verbose addNamed ">=0.8.0 <0.9.0" is a valid semver range for bcrypt
84 silly addNameRange { name: 'bcrypt', range: '>=0.8.0 <0.9.0', hasData: false }
85 silly mapToRegistry name bcrypt
86 silly mapToRegistry using default registry
87 silly mapToRegistry registry https://registry.npmjs.org/
88 silly mapToRegistry data Result {
88 silly mapToRegistry   raw: 'bcrypt',
88 silly mapToRegistry   scope: null,
88 silly mapToRegistry   escapedName: 'bcrypt',
88 silly mapToRegistry   name: 'bcrypt',
88 silly mapToRegistry   rawSpec: '',
88 silly mapToRegistry   spec: 'latest',
88 silly mapToRegistry   type: 'tag' }
89 silly mapToRegistry uri https://registry.npmjs.org/bcrypt
90 verbose addNameRange registry:https://registry.npmjs.org/bcrypt not in flight; fetching
91 verbose get https://registry.npmjs.org/bcrypt not expired, no request
92 silly addNameRange number 2 { name: 'bcrypt', range: '>=0.8.0 <0.9.0', hasData: true }
93 silly addNameRange versions [ 'bcrypt',
93 silly addNameRange   [ '0.1.2',
93 silly addNameRange     '0.2.0',
93 silly addNameRange     '0.2.1',
93 silly addNameRange     '0.1.3',
93 silly addNameRange     '0.2.2',
93 silly addNameRange     '0.2.3',
93 silly addNameRange     '0.2.4',
93 silly addNameRange     '0.3.0',
93 silly addNameRange     '0.3.1',
93 silly addNameRange     '0.3.2',
93 silly addNameRange     '0.4.0',
93 silly addNameRange     '0.4.1',
93 silly addNameRange     '0.5.0',
93 silly addNameRange     '0.6.0',
93 silly addNameRange     '0.7.0',
93 silly addNameRange     '0.7.1',
93 silly addNameRange     '0.7.2',
93 silly addNameRange     '0.7.3',
93 silly addNameRange     '0.7.4',
93 silly addNameRange     '0.7.5',
93 silly addNameRange     '0.7.6',
93 silly addNameRange     '0.7.7',
93 silly addNameRange     '0.7.8',
93 silly addNameRange     '0.8.0',
93 silly addNameRange     '0.8.1',
93 silly addNameRange     '0.8.2',
93 silly addNameRange     '0.8.3',
93 silly addNameRange     '0.8.4',
93 silly addNameRange     '0.8.5',
93 silly addNameRange     '0.8.6',
93 silly addNameRange     '0.8.7',
93 silly addNameRange     '1.0.0',
93 silly addNameRange     '1.0.1',
93 silly addNameRange     '1.0.2' ] ]
94 silly addNamed bcrypt@0.8.7
95 verbose addNamed "0.8.7" is a plain semver version for bcrypt
96 silly cache afterAdd bcrypt@0.8.7
97 verbose afterAdd C:\Users\Owl Consular\AppData\Roaming\npm-cache\bcrypt\0.8.7\package\package.json not in flight; writing
98 verbose correctMkdir C:\Users\Owl Consular\AppData\Roaming\npm-cache correctMkdir not in flight; initializing
99 verbose afterAdd C:\Users\Owl Consular\AppData\Roaming\npm-cache\bcrypt\0.8.7\package\package.json written
100 silly fetchNamedPackageData bindings
101 silly mapToRegistry name bindings
102 silly mapToRegistry using default registry
103 silly mapToRegistry registry https://registry.npmjs.org/
104 silly mapToRegistry data Result {
104 silly mapToRegistry   raw: 'bindings',
104 silly mapToRegistry   scope: null,
104 silly mapToRegistry   escapedName: 'bindings',
104 silly mapToRegistry   name: 'bindings',
104 silly mapToRegistry   rawSpec: '',
104 silly mapToRegistry   spec: 'latest',
104 silly mapToRegistry   type: 'tag' }
105 silly mapToRegistry uri https://registry.npmjs.org/bindings
106 silly fetchNamedPackageData nan
107 silly mapToRegistry name nan
108 silly mapToRegistry using default registry
109 silly mapToRegistry registry https://registry.npmjs.org/
110 silly mapToRegistry data Result {
110 silly mapToRegistry   raw: 'nan',
110 silly mapToRegistry   scope: null,
110 silly mapToRegistry   escapedName: 'nan',
110 silly mapToRegistry   name: 'nan',
110 silly mapToRegistry   rawSpec: '',
110 silly mapToRegistry   spec: 'latest',
110 silly mapToRegistry   type: 'tag' }
111 silly mapToRegistry uri https://registry.npmjs.org/nan
112 verbose request uri https://registry.npmjs.org/bindings
113 verbose request no auth needed
114 info attempt registry request try #1 at 08:24:41
115 verbose etag W/"59234f99-46bf"
116 verbose lastModified Mon, 22 May 2017 20:52:41 GMT
117 http request GET https://registry.npmjs.org/bindings
118 http 304 https://registry.npmjs.org/bindings
119 verbose headers { date: 'Thu, 20 Jul 2017 05:24:09 GMT',
119 verbose headers   via: '1.1 varnish',
119 verbose headers   'cache-control': 'max-age=300',
119 verbose headers   etag: 'W/"59234f99-46bf"',
119 verbose headers   age: '232',
119 verbose headers   connection: 'keep-alive',
119 verbose headers   'x-served-by': 'cache-ams4438-AMS',
119 verbose headers   'x-cache': 'HIT',
119 verbose headers   'x-cache-hits': '1',
119 verbose headers   'x-timer': 'S1500528249.401070,VS0,VE0',
119 verbose headers   vary: 'Accept-Encoding, Accept' }
120 silly get cb [ 304,
120 silly get   { date: 'Thu, 20 Jul 2017 05:24:09 GMT',
120 silly get     via: '1.1 varnish',
120 silly get     'cache-control': 'max-age=300',
120 silly get     etag: 'W/"59234f99-46bf"',
120 silly get     age: '232',
120 silly get     connection: 'keep-alive',
120 silly get     'x-served-by': 'cache-ams4438-AMS',
120 silly get     'x-cache': 'HIT',
120 silly get     'x-cache-hits': '1',
120 silly get     'x-timer': 'S1500528249.401070,VS0,VE0',
120 silly get     vary: 'Accept-Encoding, Accept' } ]
121 verbose etag https://registry.npmjs.org/bindings from cache
122 verbose get saving bindings to C:\Users\Owl Consular\AppData\Roaming\npm-cache\registry.npmjs.org\bindings\.cache.json
123 verbose correctMkdir C:\Users\Owl Consular\AppData\Roaming\npm-cache correctMkdir not in flight; initializing
124 silly resolveWithNewModule bindings@1.2.1 checking installable status
125 silly cache add args [ 'bindings@1.2.1', null ]
126 verbose cache add spec bindings@1.2.1
127 silly cache add parsed spec Result {
127 silly cache add   raw: 'bindings@1.2.1',
127 silly cache add   scope: null,
127 silly cache add   escapedName: 'bindings',
127 silly cache add   name: 'bindings',
127 silly cache add   rawSpec: '1.2.1',
127 silly cache add   spec: '1.2.1',
127 silly cache add   type: 'version' }
128 silly addNamed bindings@1.2.1
129 verbose addNamed "1.2.1" is a plain semver version for bindings
130 silly mapToRegistry name bindings
131 silly mapToRegistry using default registry
132 silly mapToRegistry registry https://registry.npmjs.org/
133 silly mapToRegistry data Result {
133 silly mapToRegistry   raw: 'bindings',
133 silly mapToRegistry   scope: null,
133 silly mapToRegistry   escapedName: 'bindings',
133 silly mapToRegistry   name: 'bindings',
133 silly mapToRegistry   rawSpec: '',
133 silly mapToRegistry   spec: 'latest',
133 silly mapToRegistry   type: 'tag' }
134 silly mapToRegistry uri https://registry.npmjs.org/bindings
135 verbose addNameVersion registry:https://registry.npmjs.org/bindings not in flight; fetching
136 verbose get https://registry.npmjs.org/bindings not expired, no request
137 verbose request uri https://registry.npmjs.org/nan
138 verbose request no auth needed
139 info attempt registry request try #1 at 08:24:41
140 verbose etag W/"592dfb8f-1f9f8"
141 verbose lastModified Tue, 30 May 2017 23:09:03 GMT
142 http request GET https://registry.npmjs.org/nan
143 http 304 https://registry.npmjs.org/nan
144 verbose headers { date: 'Thu, 20 Jul 2017 05:24:09 GMT',
144 verbose headers   via: '1.1 varnish',
144 verbose headers   'cache-control': 'max-age=300',
144 verbose headers   etag: 'W/"592dfb8f-1f9f8"',
144 verbose headers   age: '156',
144 verbose headers   connection: 'keep-alive',
144 verbose headers   'x-served-by': 'cache-ams4438-AMS',
144 verbose headers   'x-cache': 'HIT',
144 verbose headers   'x-cache-hits': '2',
144 verbose headers   'x-timer': 'S1500528249.486467,VS0,VE0',
144 verbose headers   vary: 'Accept-Encoding, Accept' }
145 silly get cb [ 304,
145 silly get   { date: 'Thu, 20 Jul 2017 05:24:09 GMT',
145 silly get     via: '1.1 varnish',
145 silly get     'cache-control': 'max-age=300',
145 silly get     etag: 'W/"592dfb8f-1f9f8"',
145 silly get     age: '156',
145 silly get     connection: 'keep-alive',
145 silly get     'x-served-by': 'cache-ams4438-AMS',
145 silly get     'x-cache': 'HIT',
145 silly get     'x-cache-hits': '2',
145 silly get     'x-timer': 'S1500528249.486467,VS0,VE0',
145 silly get     vary: 'Accept-Encoding, Accept' } ]
146 verbose etag https://registry.npmjs.org/nan from cache
147 verbose get saving nan to C:\Users\Owl Consular\AppData\Roaming\npm-cache\registry.npmjs.org\nan\.cache.json
148 verbose correctMkdir C:\Users\Owl Consular\AppData\Roaming\npm-cache correctMkdir not in flight; initializing
149 silly resolveWithNewModule nan@2.3.5 checking installable status
150 silly cache add args [ 'nan@2.3.5', null ]
151 verbose cache add spec nan@2.3.5
152 silly cache add parsed spec Result {
152 silly cache add   raw: 'nan@2.3.5',
152 silly cache add   scope: null,
152 silly cache add   escapedName: 'nan',
152 silly cache add   name: 'nan',
152 silly cache add   rawSpec: '2.3.5',
152 silly cache add   spec: '2.3.5',
152 silly cache add   type: 'version' }
153 silly addNamed nan@2.3.5
154 verbose addNamed "2.3.5" is a plain semver version for nan
155 silly mapToRegistry name nan
156 silly mapToRegistry using default registry
157 silly mapToRegistry registry https://registry.npmjs.org/
158 silly mapToRegistry data Result {
158 silly mapToRegistry   raw: 'nan',
158 silly mapToRegistry   scope: null,
158 silly mapToRegistry   escapedName: 'nan',
158 silly mapToRegistry   name: 'nan',
158 silly mapToRegistry   rawSpec: '',
158 silly mapToRegistry   spec: 'latest',
158 silly mapToRegistry   type: 'tag' }
159 silly mapToRegistry uri https://registry.npmjs.org/nan
160 verbose addNameVersion registry:https://registry.npmjs.org/nan not in flight; fetching
161 verbose get https://registry.npmjs.org/nan not expired, no request
162 silly cache afterAdd bindings@1.2.1
163 verbose afterAdd C:\Users\Owl Consular\AppData\Roaming\npm-cache\bindings\1.2.1\package\package.json not in flight; writing
164 verbose correctMkdir C:\Users\Owl Consular\AppData\Roaming\npm-cache correctMkdir not in flight; initializing
165 verbose afterAdd C:\Users\Owl Consular\AppData\Roaming\npm-cache\bindings\1.2.1\package\package.json written
166 silly cache afterAdd nan@2.3.5
167 verbose afterAdd C:\Users\Owl Consular\AppData\Roaming\npm-cache\nan\2.3.5\package\package.json not in flight; writing
168 verbose correctMkdir C:\Users\Owl Consular\AppData\Roaming\npm-cache correctMkdir not in flight; initializing
169 verbose afterAdd C:\Users\Owl Consular\AppData\Roaming\npm-cache\nan\2.3.5\package\package.json written
170 silly fetchNamedPackageData fsevents
171 silly mapToRegistry name fsevents
172 silly mapToRegistry using default registry
173 silly mapToRegistry registry https://registry.npmjs.org/
174 silly mapToRegistry data Result {
174 silly mapToRegistry   raw: 'fsevents',
174 silly mapToRegistry   scope: null,
174 silly mapToRegistry   escapedName: 'fsevents',
174 silly mapToRegistry   name: 'fsevents',
174 silly mapToRegistry   rawSpec: '',
174 silly mapToRegistry   spec: 'latest',
174 silly mapToRegistry   type: 'tag' }
175 silly mapToRegistry uri https://registry.npmjs.org/fsevents
176 verbose request uri https://registry.npmjs.org/fsevents
177 verbose request no auth needed
178 info attempt registry request try #1 at 08:24:45
179 verbose etag W/"595a4ef8-dcd1"
180 verbose lastModified Mon, 03 Jul 2017 14:04:40 GMT
181 http request GET https://registry.npmjs.org/fsevents
182 http 304 https://registry.npmjs.org/fsevents
183 verbose headers { date: 'Thu, 20 Jul 2017 05:24:13 GMT',
183 verbose headers   via: '1.1 varnish',
183 verbose headers   'cache-control': 'max-age=300',
183 verbose headers   etag: 'W/"595a4ef8-dcd1"',
183 verbose headers   age: '240',
183 verbose headers   connection: 'keep-alive',
183 verbose headers   'x-served-by': 'cache-ams4438-AMS',
183 verbose headers   'x-cache': 'HIT',
183 verbose headers   'x-cache-hits': '2',
183 verbose headers   'x-timer': 'S1500528253.159683,VS0,VE0',
183 verbose headers   vary: 'Accept-Encoding' }
184 silly get cb [ 304,
184 silly get   { date: 'Thu, 20 Jul 2017 05:24:13 GMT',
184 silly get     via: '1.1 varnish',
184 silly get     'cache-control': 'max-age=300',
184 silly get     etag: 'W/"595a4ef8-dcd1"',
184 silly get     age: '240',
184 silly get     connection: 'keep-alive',
184 silly get     'x-served-by': 'cache-ams4438-AMS',
184 silly get     'x-cache': 'HIT',
184 silly get     'x-cache-hits': '2',
184 silly get     'x-timer': 'S1500528253.159683,VS0,VE0',
184 silly get     vary: 'Accept-Encoding' } ]
185 verbose etag https://registry.npmjs.org/fsevents from cache
186 verbose get saving fsevents to C:\Users\Owl Consular\AppData\Roaming\npm-cache\registry.npmjs.org\fsevents\.cache.json
187 verbose correctMkdir C:\Users\Owl Consular\AppData\Roaming\npm-cache correctMkdir not in flight; initializing
188 silly resolveWithNewModule fsevents@1.1.2 checking installable status
189 silly loadAllDepsIntoIdealTree Finishing
190 silly loadIdealTree Finishing
191 silly currentTree node-app@1.0.0
191 silly currentTree +-- accepts@1.3.3
191 silly currentTree +-- ansi-regex@2.1.1
191 silly currentTree +-- ansi-styles@2.2.1
191 silly currentTree +-- anymatch@1.3.0
191 silly currentTree +-- arr-diff@2.0.0
191 silly currentTree +-- arr-flatten@1.1.0
191 silly currentTree +-- array-flatten@1.1.1
191 silly currentTree +-- array-unique@0.2.1
191 silly currentTree +-- arrify@1.0.1
191 silly currentTree +-- async-each@1.0.1
191 silly currentTree +-- async@2.1.4
191 silly currentTree +-- babel-cli@6.24.1
191 silly currentTree +-- babel-code-frame@6.22.0
191 silly currentTree +-- babel-core@6.25.0
191 silly currentTree +-- babel-generator@6.25.0
191 silly currentTree +-- babel-helper-bindify-decorators@6.24.1
191 silly currentTree +-- babel-helper-builder-binary-assignment-operator-visitor@6.24.1
191 silly currentTree +-- babel-helper-call-delegate@6.24.1
191 silly currentTree +-- babel-helper-define-map@6.24.1
191 silly currentTree +-- babel-helper-explode-assignable-expression@6.24.1
191 silly currentTree +-- babel-helper-explode-class@6.24.1
191 silly currentTree +-- babel-helper-function-name@6.24.1
191 silly currentTree +-- babel-helper-get-function-arity@6.24.1
191 silly currentTree +-- babel-helper-hoist-variables@6.24.1
191 silly currentTree +-- babel-helper-optimise-call-expression@6.24.1
191 silly currentTree +-- babel-helper-regex@6.24.1
191 silly currentTree +-- babel-helper-remap-async-to-generator@6.24.1
191 silly currentTree +-- babel-helper-replace-supers@6.24.1
191 silly currentTree +-- babel-helpers@6.24.1
191 silly currentTree +-- babel-messages@6.23.0
191 silly currentTree +-- babel-plugin-check-es2015-constants@6.22.0
191 silly currentTree +-- babel-plugin-syntax-async-functions@6.13.0
191 silly currentTree +-- babel-plugin-syntax-async-generators@6.13.0
191 silly currentTree +-- babel-plugin-syntax-class-constructor-call@6.18.0
191 silly currentTree +-- babel-plugin-syntax-class-properties@6.13.0
191 silly currentTree +-- babel-plugin-syntax-decorators@6.13.0
191 silly currentTree +-- babel-plugin-syntax-do-expressions@6.13.0
191 silly currentTree +-- babel-plugin-syntax-dynamic-import@6.18.0
191 silly currentTree +-- babel-plugin-syntax-exponentiation-operator@6.13.0
191 silly currentTree +-- babel-plugin-syntax-export-extensions@6.13.0
191 silly currentTree +-- babel-plugin-syntax-function-bind@6.13.0
191 silly currentTree +-- babel-plugin-syntax-object-rest-spread@6.13.0
191 silly currentTree +-- babel-plugin-syntax-trailing-function-commas@6.22.0
191 silly currentTree +-- babel-plugin-transform-async-generator-functions@6.24.1
191 silly currentTree +-- babel-plugin-transform-async-to-generator@6.24.1
191 silly currentTree +-- babel-plugin-transform-class-constructor-call@6.24.1
191 silly currentTree +-- babel-plugin-transform-class-properties@6.24.1
191 silly currentTree +-- babel-plugin-transform-decorators@6.24.1
191 silly currentTree +-- babel-plugin-transform-do-expressions@6.22.0
191 silly currentTree +-- babel-plugin-transform-es2015-arrow-functions@6.22.0
191 silly currentTree +-- babel-plugin-transform-es2015-block-scoped-functions@6.22.0
191 silly currentTree +-- babel-plugin-transform-es2015-block-scoping@6.24.1
191 silly currentTree +-- babel-plugin-transform-es2015-classes@6.24.1
191 silly currentTree +-- babel-plugin-transform-es2015-computed-properties@6.24.1
191 silly currentTree +-- babel-plugin-transform-es2015-destructuring@6.23.0
191 silly currentTree +-- babel-plugin-transform-es2015-duplicate-keys@6.24.1
191 silly currentTree +-- babel-plugin-transform-es2015-for-of@6.23.0
191 silly currentTree +-- babel-plugin-transform-es2015-function-name@6.24.1
191 silly currentTree +-- babel-plugin-transform-es2015-literals@6.22.0
191 silly currentTree +-- babel-plugin-transform-es2015-modules-amd@6.24.1
191 silly currentTree +-- babel-plugin-transform-es2015-modules-commonjs@6.24.1
191 silly currentTree +-- babel-plugin-transform-es2015-modules-systemjs@6.24.1
191 silly currentTree +-- babel-plugin-transform-es2015-modules-umd@6.24.1
191 silly currentTree +-- babel-plugin-transform-es2015-object-super@6.24.1
191 silly currentTree +-- babel-plugin-transform-es2015-parameters@6.24.1
191 silly currentTree +-- babel-plugin-transform-es2015-shorthand-properties@6.24.1
191 silly currentTree +-- babel-plugin-transform-es2015-spread@6.22.0
191 silly currentTree +-- babel-plugin-transform-es2015-sticky-regex@6.24.1
191 silly currentTree +-- babel-plugin-transform-es2015-template-literals@6.22.0
191 silly currentTree +-- babel-plugin-transform-es2015-typeof-symbol@6.23.0
191 silly currentTree +-- babel-plugin-transform-es2015-unicode-regex@6.24.1
191 silly currentTree +-- babel-plugin-transform-exponentiation-operator@6.24.1
191 silly currentTree +-- babel-plugin-transform-export-extensions@6.22.0
191 silly currentTree +-- babel-plugin-transform-function-bind@6.22.0
191 silly currentTree +-- babel-plugin-transform-object-rest-spread@6.23.0
191 silly currentTree +-- babel-plugin-transform-regenerator@6.24.1
191 silly currentTree +-- babel-plugin-transform-strict-mode@6.24.1
191 silly currentTree +-- babel-polyfill@6.23.0
191 silly currentTree +-- babel-preset-es2015@6.24.1
191 silly currentTree +-- babel-preset-stage-0@6.24.1
191 silly currentTree +-- babel-preset-stage-1@6.24.1
191 silly currentTree +-- babel-preset-stage-2@6.24.1
191 silly currentTree +-- babel-preset-stage-3@6.24.1
191 silly currentTree +-- babel-register@6.24.1
191 silly currentTree +-- babel-runtime@6.23.0
191 silly currentTree +-- babel-template@6.25.0
191 silly currentTree +-- babel-traverse@6.25.0
191 silly currentTree +-- babel-types@6.25.0
191 silly currentTree +-- babylon@6.17.4
191 silly currentTree +-- balanced-match@1.0.0
191 silly currentTree +-- basic-auth@1.1.0
191 silly currentTree +-- binary-extensions@1.8.0
191 silly currentTree +-- bluebird@3.5.0
191 silly currentTree +-- body-parser@1.17.2
191 silly currentTree +-- brace-expansion@1.1.8
191 silly currentTree +-- braces@1.8.5
191 silly currentTree +-- bson@1.0.4
191 silly currentTree +-- buffer-shims@1.0.0
191 silly currentTree +-- bytes@2.4.0
191 silly currentTree +-- chalk@1.1.3
191 silly currentTree +-- chokidar@1.7.0
191 silly currentTree +-- commander@2.11.0
191 silly currentTree +-- concat-map@0.0.1
191 silly currentTree +-- content-disposition@0.5.2
191 silly currentTree +-- content-type@1.0.2
191 silly currentTree +-- convert-source-map@1.5.0
191 silly currentTree +-- cookie-signature@1.0.6
191 silly currentTree +-- cookie@0.3.1
191 silly currentTree +-- core-js@2.4.1
191 silly currentTree +-- core-util-is@1.0.2
191 silly currentTree +-- crc@3.4.4
191 silly currentTree +-- debug@2.6.7
191 silly currentTree +-- depd@1.1.0
191 silly currentTree +-- destroy@1.0.4
191 silly currentTree +-- detect-indent@4.0.0
191 silly currentTree +-- ee-first@1.1.1
191 silly currentTree +-- encodeurl@1.0.1
191 silly currentTree +-- es6-promise@3.2.1
191 silly currentTree +-- escape-html@1.0.3
191 silly currentTree +-- escape-string-regexp@1.0.5
191 silly currentTree +-- esutils@2.0.2
191 silly currentTree +-- etag@1.8.0
191 silly currentTree +-- expand-brackets@0.1.5
191 silly currentTree +-- expand-range@1.8.2
191 silly currentTree +-- express-session@1.15.3
191 silly currentTree +-- express@4.15.3
191 silly currentTree +-- extglob@0.3.2
191 silly currentTree +-- filename-regex@2.0.1
191 silly currentTree +-- fill-range@2.2.3
191 silly currentTree +-- finalhandler@1.0.3
191 silly currentTree +-- for-in@1.0.2
191 silly currentTree +-- for-own@0.1.5
191 silly currentTree +-- forwarded@0.1.0
191 silly currentTree +-- fresh@0.5.0
191 silly currentTree +-- fs-readdir-recursive@1.0.0
191 silly currentTree +-- fs.realpath@1.0.0
191 silly currentTree +-- glob-base@0.3.0
191 silly currentTree +-- glob-parent@2.0.0
191 silly currentTree +-- glob@7.1.2
191 silly currentTree +-- globals@9.18.0
191 silly currentTree +-- graceful-fs@4.1.11
191 silly currentTree +-- has-ansi@2.0.0
191 silly currentTree +-- home-or-tmp@2.0.0
191 silly currentTree +-- hooks-fixed@2.0.0
191 silly currentTree +-- http-errors@1.6.1
191 silly currentTree +-- iconv-lite@0.4.15
191 silly currentTree +-- inflight@1.0.6
191 silly currentTree +-- inherits@2.0.3
191 silly currentTree +-- invariant@2.2.2
191 silly currentTree +-- ipaddr.js@1.3.0
191 silly currentTree +-- is-binary-path@1.0.1
191 silly currentTree +-- is-buffer@1.1.5
191 silly currentTree +-- is-dotfile@1.0.3
191 silly currentTree +-- is-equal-shallow@0.1.3
191 silly currentTree +-- is-extendable@0.1.1
191 silly currentTree +-- is-extglob@1.0.0
191 silly currentTree +-- is-finite@1.0.2
191 silly currentTree +-- is-glob@2.0.1
191 silly currentTree +-- is-number@2.1.0
191 silly currentTree +-- is-posix-bracket@0.1.1
191 silly currentTree +-- is-primitive@2.0.0
191 silly currentTree +-- isarray@1.0.0
191 silly currentTree +-- isobject@2.1.0
191 silly currentTree +-- js-tokens@3.0.2
191 silly currentTree +-- jsesc@1.3.0
191 silly currentTree +-- json5@0.5.1
191 silly currentTree +-- kareem@1.4.2
191 silly currentTree +-- kind-of@3.2.2
191 silly currentTree +-- lodash@4.17.4
191 silly currentTree +-- loose-envify@1.3.1
191 silly currentTree +-- media-typer@0.3.0
191 silly currentTree +-- merge-descriptors@1.0.1
191 silly currentTree +-- methods@1.1.2
191 silly currentTree +-- micromatch@2.3.11
191 silly currentTree +-- mime-db@1.27.0
191 silly currentTree +-- mime-types@2.1.15
191 silly currentTree +-- mime@1.3.4
191 silly currentTree +-- minimatch@3.0.4
191 silly currentTree +-- minimist@0.0.8
191 silly currentTree +-- mkdirp@0.5.1
191 silly currentTree +-- mongodb-core@2.1.11
191 silly currentTree +-- mongodb@2.2.27
191 silly currentTree +-- mongoose@4.11.3
191 silly currentTree +-- morgan@1.8.2
191 silly currentTree | `-- debug@2.6.8
191 silly currentTree +-- mpath@0.3.0
191 silly currentTree +-- mpromise@0.5.5
191 silly currentTree +-- mquery@2.3.1
191 silly currentTree | +-- bluebird@2.10.2
191 silly currentTree | +-- debug@2.6.8
191 silly currentTree | `-- sliced@0.0.5
191 silly currentTree +-- ms@2.0.0
191 silly currentTree +-- muri@1.2.2
191 silly currentTree +-- negotiator@0.6.1
191 silly currentTree +-- normalize-path@2.1.1
191 silly currentTree +-- number-is-nan@1.0.1
191 silly currentTree +-- object-assign@4.1.1
191 silly currentTree +-- object.omit@2.0.1
191 silly currentTree +-- on-finished@2.3.0
191 silly currentTree +-- on-headers@1.0.1
191 silly currentTree +-- once@1.4.0
191 silly currentTree +-- os-homedir@1.0.2
191 silly currentTree +-- os-tmpdir@1.0.2
191 silly currentTree +-- output-file-sync@1.1.2
191 silly currentTree +-- parse-glob@3.0.4
191 silly currentTree +-- parseurl@1.3.1
191 silly currentTree +-- path-is-absolute@1.0.1
191 silly currentTree +-- path-to-regexp@0.1.7
191 silly currentTree +-- preserve@0.2.0
191 silly currentTree +-- private@0.1.7
191 silly currentTree +-- process-nextick-args@1.0.7
191 silly currentTree +-- promise-hash@1.2.0
191 silly currentTree +-- proxy-addr@1.1.4
191 silly currentTree +-- qs@6.4.0
191 silly currentTree +-- random-bytes@1.0.0
191 silly currentTree +-- randomatic@1.1.7
191 silly currentTree | +-- is-number@3.0.0
191 silly currentTree | | `-- kind-of@3.2.2
191 silly currentTree | `-- kind-of@4.0.0
191 silly currentTree +-- range-parser@1.2.0
191 silly currentTree +-- raw-body@2.2.0
191 silly currentTree +-- readable-stream@2.2.7
191 silly currentTree +-- readdirp@2.1.0
191 silly currentTree +-- regenerate@1.3.2
191 silly currentTree +-- regenerator-runtime@0.10.5
191 silly currentTree +-- regenerator-transform@0.9.11
191 silly currentTree +-- regex-cache@0.4.3
191 silly currentTree +-- regexp-clone@0.0.1
191 silly currentTree +-- regexpu-core@2.0.0
191 silly currentTree +-- regjsgen@0.2.0
191 silly currentTree +-- regjsparser@0.1.5
191 silly currentTree | `-- jsesc@0.5.0
191 silly currentTree +-- remove-trailing-separator@1.0.2
191 silly currentTree +-- repeat-element@1.1.2
191 silly currentTree +-- repeat-string@1.6.1
191 silly currentTree +-- repeating@2.0.1
191 silly currentTree +-- require_optional@1.0.1
191 silly currentTree +-- resolve-from@2.0.0
191 silly currentTree +-- safe-buffer@5.1.1
191 silly currentTree +-- semver@5.3.0
191 silly currentTree +-- send@0.15.3
191 silly currentTree +-- serve-static@1.12.3
191 silly currentTree +-- set-immediate-shim@1.0.1
191 silly currentTree +-- setprototypeof@1.0.3
191 silly currentTree +-- slash@1.0.0
191 silly currentTree +-- sliced@1.0.1
191 silly currentTree +-- source-map-support@0.4.15
191 silly currentTree +-- source-map@0.5.6
191 silly currentTree +-- statuses@1.3.1
191 silly currentTree +-- string_decoder@1.0.3
191 silly currentTree +-- strip-ansi@3.0.1
191 silly currentTree +-- supports-color@2.0.0
191 silly currentTree +-- to-fast-properties@1.0.3
191 silly currentTree +-- trim-right@1.0.1
191 silly currentTree +-- type-is@1.6.15
191 silly currentTree +-- uid-safe@2.1.4
191 silly currentTree +-- unpipe@1.0.0
191 silly currentTree +-- user-home@1.1.1
191 silly currentTree +-- util-deprecate@1.0.2
191 silly currentTree +-- utils-merge@1.0.0
191 silly currentTree +-- v8flags@2.1.1
191 silly currentTree +-- vary@1.1.1
191 silly currentTree +-- when@3.7.8
191 silly currentTree `-- wrappy@1.0.2
192 silly idealTree node-app@1.0.0
192 silly idealTree +-- accepts@1.3.3
192 silly idealTree +-- ansi-regex@2.1.1
192 silly idealTree +-- ansi-styles@2.2.1
192 silly idealTree +-- anymatch@1.3.0
192 silly idealTree +-- arr-diff@2.0.0
192 silly idealTree +-- arr-flatten@1.1.0
192 silly idealTree +-- array-flatten@1.1.1
192 silly idealTree +-- array-unique@0.2.1
192 silly idealTree +-- arrify@1.0.1
192 silly idealTree +-- async-each@1.0.1
192 silly idealTree +-- async@2.1.4
192 silly idealTree +-- babel-cli@6.24.1
192 silly idealTree +-- babel-code-frame@6.22.0
192 silly idealTree +-- babel-core@6.25.0
192 silly idealTree +-- babel-generator@6.25.0
192 silly idealTree +-- babel-helper-bindify-decorators@6.24.1
192 silly idealTree +-- babel-helper-builder-binary-assignment-operator-visitor@6.24.1
192 silly idealTree +-- babel-helper-call-delegate@6.24.1
192 silly idealTree +-- babel-helper-define-map@6.24.1
192 silly idealTree +-- babel-helper-explode-assignable-expression@6.24.1
192 silly idealTree +-- babel-helper-explode-class@6.24.1
192 silly idealTree +-- babel-helper-function-name@6.24.1
192 silly idealTree +-- babel-helper-get-function-arity@6.24.1
192 silly idealTree +-- babel-helper-hoist-variables@6.24.1
192 silly idealTree +-- babel-helper-optimise-call-expression@6.24.1
192 silly idealTree +-- babel-helper-regex@6.24.1
192 silly idealTree +-- babel-helper-remap-async-to-generator@6.24.1
192 silly idealTree +-- babel-helper-replace-supers@6.24.1
192 silly idealTree +-- babel-helpers@6.24.1
192 silly idealTree +-- babel-messages@6.23.0
192 silly idealTree +-- babel-plugin-check-es2015-constants@6.22.0
192 silly idealTree +-- babel-plugin-syntax-async-functions@6.13.0
192 silly idealTree +-- babel-plugin-syntax-async-generators@6.13.0
192 silly idealTree +-- babel-plugin-syntax-class-constructor-call@6.18.0
192 silly idealTree +-- babel-plugin-syntax-class-properties@6.13.0
192 silly idealTree +-- babel-plugin-syntax-decorators@6.13.0
192 silly idealTree +-- babel-plugin-syntax-do-expressions@6.13.0
192 silly idealTree +-- babel-plugin-syntax-dynamic-import@6.18.0
192 silly idealTree +-- babel-plugin-syntax-exponentiation-operator@6.13.0
192 silly idealTree +-- babel-plugin-syntax-export-extensions@6.13.0
192 silly idealTree +-- babel-plugin-syntax-function-bind@6.13.0
192 silly idealTree +-- babel-plugin-syntax-object-rest-spread@6.13.0
192 silly idealTree +-- babel-plugin-syntax-trailing-function-commas@6.22.0
192 silly idealTree +-- babel-plugin-transform-async-generator-functions@6.24.1
192 silly idealTree +-- babel-plugin-transform-async-to-generator@6.24.1
192 silly idealTree +-- babel-plugin-transform-class-constructor-call@6.24.1
192 silly idealTree +-- babel-plugin-transform-class-properties@6.24.1
192 silly idealTree +-- babel-plugin-transform-decorators@6.24.1
192 silly idealTree +-- babel-plugin-transform-do-expressions@6.22.0
192 silly idealTree +-- babel-plugin-transform-es2015-arrow-functions@6.22.0
192 silly idealTree +-- babel-plugin-transform-es2015-block-scoped-functions@6.22.0
192 silly idealTree +-- babel-plugin-transform-es2015-block-scoping@6.24.1
192 silly idealTree +-- babel-plugin-transform-es2015-classes@6.24.1
192 silly idealTree +-- babel-plugin-transform-es2015-computed-properties@6.24.1
192 silly idealTree +-- babel-plugin-transform-es2015-destructuring@6.23.0
192 silly idealTree +-- babel-plugin-transform-es2015-duplicate-keys@6.24.1
192 silly idealTree +-- babel-plugin-transform-es2015-for-of@6.23.0
192 silly idealTree +-- babel-plugin-transform-es2015-function-name@6.24.1
192 silly idealTree +-- babel-plugin-transform-es2015-literals@6.22.0
192 silly idealTree +-- babel-plugin-transform-es2015-modules-amd@6.24.1
192 silly idealTree +-- babel-plugin-transform-es2015-modules-commonjs@6.24.1
192 silly idealTree +-- babel-plugin-transform-es2015-modules-systemjs@6.24.1
192 silly idealTree +-- babel-plugin-transform-es2015-modules-umd@6.24.1
192 silly idealTree +-- babel-plugin-transform-es2015-object-super@6.24.1
192 silly idealTree +-- babel-plugin-transform-es2015-parameters@6.24.1
192 silly idealTree +-- babel-plugin-transform-es2015-shorthand-properties@6.24.1
192 silly idealTree +-- babel-plugin-transform-es2015-spread@6.22.0
192 silly idealTree +-- babel-plugin-transform-es2015-sticky-regex@6.24.1
192 silly idealTree +-- babel-plugin-transform-es2015-template-literals@6.22.0
192 silly idealTree +-- babel-plugin-transform-es2015-typeof-symbol@6.23.0
192 silly idealTree +-- babel-plugin-transform-es2015-unicode-regex@6.24.1
192 silly idealTree +-- babel-plugin-transform-exponentiation-operator@6.24.1
192 silly idealTree +-- babel-plugin-transform-export-extensions@6.22.0
192 silly idealTree +-- babel-plugin-transform-function-bind@6.22.0
192 silly idealTree +-- babel-plugin-transform-object-rest-spread@6.23.0
192 silly idealTree +-- babel-plugin-transform-regenerator@6.24.1
192 silly idealTree +-- babel-plugin-transform-strict-mode@6.24.1
192 silly idealTree +-- babel-polyfill@6.23.0
192 silly idealTree +-- babel-preset-es2015@6.24.1
192 silly idealTree +-- babel-preset-stage-0@6.24.1
192 silly idealTree +-- babel-preset-stage-1@6.24.1
192 silly idealTree +-- babel-preset-stage-2@6.24.1
192 silly idealTree +-- babel-preset-stage-3@6.24.1
192 silly idealTree +-- babel-register@6.24.1
192 silly idealTree +-- babel-runtime@6.23.0
192 silly idealTree +-- babel-template@6.25.0
192 silly idealTree +-- babel-traverse@6.25.0
192 silly idealTree +-- babel-types@6.25.0
192 silly idealTree +-- babylon@6.17.4
192 silly idealTree +-- balanced-match@1.0.0
192 silly idealTree +-- basic-auth@1.1.0
192 silly idealTree +-- bcrypt-as-promised@1.1.0
192 silly idealTree +-- bcrypt@0.8.7
192 silly idealTree +-- binary-extensions@1.8.0
192 silly idealTree +-- bindings@1.2.1
192 silly idealTree +-- bluebird@3.5.0
192 silly idealTree +-- body-parser@1.17.2
192 silly idealTree +-- brace-expansion@1.1.8
192 silly idealTree +-- braces@1.8.5
192 silly idealTree +-- bson@1.0.4
192 silly idealTree +-- buffer-shims@1.0.0
192 silly idealTree +-- bytes@2.4.0
192 silly idealTree +-- chalk@1.1.3
192 silly idealTree +-- chokidar@1.7.0
192 silly idealTree +-- commander@2.11.0
192 silly idealTree +-- concat-map@0.0.1
192 silly idealTree +-- content-disposition@0.5.2
192 silly idealTree +-- content-type@1.0.2
192 silly idealTree +-- convert-source-map@1.5.0
192 silly idealTree +-- cookie-signature@1.0.6
192 silly idealTree +-- cookie@0.3.1
192 silly idealTree +-- core-js@2.4.1
192 silly idealTree +-- core-util-is@1.0.2
192 silly idealTree +-- crc@3.4.4
192 silly idealTree +-- debug@2.6.7
192 silly idealTree +-- depd@1.1.0
192 silly idealTree +-- destroy@1.0.4
192 silly idealTree +-- detect-indent@4.0.0
192 silly idealTree +-- ee-first@1.1.1
192 silly idealTree +-- encodeurl@1.0.1
192 silly idealTree +-- es6-promise@3.2.1
192 silly idealTree +-- escape-html@1.0.3
192 silly idealTree +-- escape-string-regexp@1.0.5
192 silly idealTree +-- esutils@2.0.2
192 silly idealTree +-- etag@1.8.0
192 silly idealTree +-- expand-brackets@0.1.5
192 silly idealTree +-- expand-range@1.8.2
192 silly idealTree +-- express-session@1.15.3
192 silly idealTree +-- express@4.15.3
192 silly idealTree +-- extglob@0.3.2
192 silly idealTree +-- filename-regex@2.0.1
192 silly idealTree +-- fill-range@2.2.3
192 silly idealTree +-- finalhandler@1.0.3
192 silly idealTree +-- for-in@1.0.2
192 silly idealTree +-- for-own@0.1.5
192 silly idealTree +-- forwarded@0.1.0
192 silly idealTree +-- fresh@0.5.0
192 silly idealTree +-- fs-readdir-recursive@1.0.0
192 silly idealTree +-- fs.realpath@1.0.0
192 silly idealTree +-- glob-base@0.3.0
192 silly idealTree +-- glob-parent@2.0.0
192 silly idealTree +-- glob@7.1.2
192 silly idealTree +-- globals@9.18.0
192 silly idealTree +-- graceful-fs@4.1.11
192 silly idealTree +-- has-ansi@2.0.0
192 silly idealTree +-- home-or-tmp@2.0.0
192 silly idealTree +-- hooks-fixed@2.0.0
192 silly idealTree +-- http-errors@1.6.1
192 silly idealTree +-- iconv-lite@0.4.15
192 silly idealTree +-- inflight@1.0.6
192 silly idealTree +-- inherits@2.0.3
192 silly idealTree +-- invariant@2.2.2
192 silly idealTree +-- ipaddr.js@1.3.0
192 silly idealTree +-- is-binary-path@1.0.1
192 silly idealTree +-- is-buffer@1.1.5
192 silly idealTree +-- is-dotfile@1.0.3
192 silly idealTree +-- is-equal-shallow@0.1.3
192 silly idealTree +-- is-extendable@0.1.1
192 silly idealTree +-- is-extglob@1.0.0
192 silly idealTree +-- is-finite@1.0.2
192 silly idealTree +-- is-glob@2.0.1
192 silly idealTree +-- is-number@2.1.0
192 silly idealTree +-- is-posix-bracket@0.1.1
192 silly idealTree +-- is-primitive@2.0.0
192 silly idealTree +-- isarray@1.0.0
192 silly idealTree +-- isobject@2.1.0
192 silly idealTree +-- js-tokens@3.0.2
192 silly idealTree +-- jsesc@1.3.0
192 silly idealTree +-- json5@0.5.1
192 silly idealTree +-- kareem@1.4.2
192 silly idealTree +-- kind-of@3.2.2
192 silly idealTree +-- lodash@4.17.4
192 silly idealTree +-- loose-envify@1.3.1
192 silly idealTree +-- media-typer@0.3.0
192 silly idealTree +-- merge-descriptors@1.0.1
192 silly idealTree +-- methods@1.1.2
192 silly idealTree +-- micromatch@2.3.11
192 silly idealTree +-- mime-db@1.27.0
192 silly idealTree +-- mime-types@2.1.15
192 silly idealTree +-- mime@1.3.4
192 silly idealTree +-- minimatch@3.0.4
192 silly idealTree +-- minimist@0.0.8
192 silly idealTree +-- mkdirp@0.5.1
192 silly idealTree +-- mongodb-core@2.1.11
192 silly idealTree +-- mongodb@2.2.27
192 silly idealTree +-- mongoose@4.11.3
192 silly idealTree +-- morgan@1.8.2
192 silly idealTree | `-- debug@2.6.8
192 silly idealTree +-- mpath@0.3.0
192 silly idealTree +-- mpromise@0.5.5
192 silly idealTree +-- mquery@2.3.1
192 silly idealTree | +-- bluebird@2.10.2
192 silly idealTree | +-- debug@2.6.8
192 silly idealTree | `-- sliced@0.0.5
192 silly idealTree +-- ms@2.0.0
192 silly idealTree +-- muri@1.2.2
192 silly idealTree +-- nan@2.3.5
192 silly idealTree +-- negotiator@0.6.1
192 silly idealTree +-- normalize-path@2.1.1
192 silly idealTree +-- number-is-nan@1.0.1
192 silly idealTree +-- object-assign@4.1.1
192 silly idealTree +-- object.omit@2.0.1
192 silly idealTree +-- on-finished@2.3.0
192 silly idealTree +-- on-headers@1.0.1
192 silly idealTree +-- once@1.4.0
192 silly idealTree +-- os-homedir@1.0.2
192 silly idealTree +-- os-tmpdir@1.0.2
192 silly idealTree +-- output-file-sync@1.1.2
192 silly idealTree +-- parse-glob@3.0.4
192 silly idealTree +-- parseurl@1.3.1
192 silly idealTree +-- path-is-absolute@1.0.1
192 silly idealTree +-- path-to-regexp@0.1.7
192 silly idealTree +-- preserve@0.2.0
192 silly idealTree +-- private@0.1.7
192 silly idealTree +-- process-nextick-args@1.0.7
192 silly idealTree +-- promise-hash@1.2.0
192 silly idealTree +-- proxy-addr@1.1.4
192 silly idealTree +-- qs@6.4.0
192 silly idealTree +-- random-bytes@1.0.0
192 silly idealTree +-- randomatic@1.1.7
192 silly idealTree | +-- is-number@3.0.0
192 silly idealTree | | `-- kind-of@3.2.2
192 silly idealTree | `-- kind-of@4.0.0
192 silly idealTree +-- range-parser@1.2.0
192 silly idealTree +-- raw-body@2.2.0
192 silly idealTree +-- readable-stream@2.2.7
192 silly idealTree +-- readdirp@2.1.0
192 silly idealTree +-- regenerate@1.3.2
192 silly idealTree +-- regenerator-runtime@0.10.5
192 silly idealTree +-- regenerator-transform@0.9.11
192 silly idealTree +-- regex-cache@0.4.3
192 silly idealTree +-- regexp-clone@0.0.1
192 silly idealTree +-- regexpu-core@2.0.0
192 silly idealTree +-- regjsgen@0.2.0
192 silly idealTree +-- regjsparser@0.1.5
192 silly idealTree | `-- jsesc@0.5.0
192 silly idealTree +-- remove-trailing-separator@1.0.2
192 silly idealTree +-- repeat-element@1.1.2
192 silly idealTree +-- repeat-string@1.6.1
192 silly idealTree +-- repeating@2.0.1
192 silly idealTree +-- require_optional@1.0.1
192 silly idealTree +-- resolve-from@2.0.0
192 silly idealTree +-- safe-buffer@5.1.1
192 silly idealTree +-- semver@5.3.0
192 silly idealTree +-- send@0.15.3
192 silly idealTree +-- serve-static@1.12.3
192 silly idealTree +-- set-immediate-shim@1.0.1
192 silly idealTree +-- setprototypeof@1.0.3
192 silly idealTree +-- slash@1.0.0
192 silly idealTree +-- sliced@1.0.1
192 silly idealTree +-- source-map-support@0.4.15
192 silly idealTree +-- source-map@0.5.6
192 silly idealTree +-- statuses@1.3.1
192 silly idealTree +-- string_decoder@1.0.3
192 silly idealTree +-- strip-ansi@3.0.1
192 silly idealTree +-- supports-color@2.0.0
192 silly idealTree +-- to-fast-properties@1.0.3
192 silly idealTree +-- trim-right@1.0.1
192 silly idealTree +-- type-is@1.6.15
192 silly idealTree +-- uid-safe@2.1.4
192 silly idealTree +-- unpipe@1.0.0
192 silly idealTree +-- user-home@1.1.1
192 silly idealTree +-- util-deprecate@1.0.2
192 silly idealTree +-- utils-merge@1.0.0
192 silly idealTree +-- v8flags@2.1.1
192 silly idealTree +-- vary@1.1.1
192 silly idealTree +-- when@3.7.8
192 silly idealTree `-- wrappy@1.0.2
193 silly generateActionsToTake Starting
194 silly install generateActionsToTake
195 silly generateActionsToTake Finishing
196 silly diffTrees action count 4
197 silly diffTrees add bindings@1.2.1
198 silly diffTrees add nan@2.3.5
199 silly diffTrees add bcrypt@0.8.7
200 silly diffTrees add bcrypt-as-promised@1.1.0
201 silly decomposeActions action count 32
202 silly decomposeActions fetch bindings@1.2.1
203 silly decomposeActions extract bindings@1.2.1
204 silly decomposeActions test bindings@1.2.1
205 silly decomposeActions preinstall bindings@1.2.1
206 silly decomposeActions build bindings@1.2.1
207 silly decomposeActions install bindings@1.2.1
208 silly decomposeActions postinstall bindings@1.2.1
209 silly decomposeActions finalize bindings@1.2.1
210 silly decomposeActions fetch nan@2.3.5
211 silly decomposeActions extract nan@2.3.5
212 silly decomposeActions test nan@2.3.5
213 silly decomposeActions preinstall nan@2.3.5
214 silly decomposeActions build nan@2.3.5
215 silly decomposeActions install nan@2.3.5
216 silly decomposeActions postinstall nan@2.3.5
217 silly decomposeActions finalize nan@2.3.5
218 silly decomposeActions fetch bcrypt@0.8.7
219 silly decomposeActions extract bcrypt@0.8.7
220 silly decomposeActions test bcrypt@0.8.7
221 silly decomposeActions preinstall bcrypt@0.8.7
222 silly decomposeActions build bcrypt@0.8.7
223 silly decomposeActions install bcrypt@0.8.7
224 silly decomposeActions postinstall bcrypt@0.8.7
225 silly decomposeActions finalize bcrypt@0.8.7
226 silly decomposeActions fetch bcrypt-as-promised@1.1.0
227 silly decomposeActions extract bcrypt-as-promised@1.1.0
228 silly decomposeActions test bcrypt-as-promised@1.1.0
229 silly decomposeActions preinstall bcrypt-as-promised@1.1.0
230 silly decomposeActions build bcrypt-as-promised@1.1.0
231 silly decomposeActions install bcrypt-as-promised@1.1.0
232 silly decomposeActions postinstall bcrypt-as-promised@1.1.0
233 silly decomposeActions finalize bcrypt-as-promised@1.1.0
234 silly runTopLevelLifecycles Starting
235 silly executeActions Starting
236 silly install executeActions
237 silly doSerial global-install 0
238 silly doParallel fetch 4
239 verbose correctMkdir C:\Users\Owl Consular\AppData\Roaming\npm-cache\_locks correctMkdir not in flight; initializing
240 verbose lock using C:\Users\Owl Consular\AppData\Roaming\npm-cache\_locks\staging-19eb85a392fedb54.lock for d:\Git\node-app\node_modules\.staging
241 silly doParallel extract 4
242 silly extract bindings@1.2.1
243 silly extract nan@2.3.5
244 silly extract bcrypt@0.8.7
245 silly extract bcrypt-as-promised@1.1.0
246 verbose unbuild node_modules\.staging\bindings-f6027d09
247 verbose unbuild node_modules\.staging\nan-bac56209
248 verbose unbuild node_modules\.staging\bcrypt-9458c2c7
249 verbose unbuild node_modules\.staging\bcrypt-as-promised-0a40dc92
250 silly gentlyRm d:\Git\node-app\node_modules\.staging\bindings-f6027d09 is being purged from base d:\Git\node-app
251 verbose gentlyRm don't care about contents; nuking d:\Git\node-app\node_modules\.staging\bindings-f6027d09
252 silly gentlyRm d:\Git\node-app\node_modules\.staging\nan-bac56209 is being purged from base d:\Git\node-app
253 verbose gentlyRm don't care about contents; nuking d:\Git\node-app\node_modules\.staging\nan-bac56209
254 silly gentlyRm d:\Git\node-app\node_modules\.staging\bcrypt-9458c2c7 is being purged from base d:\Git\node-app
255 verbose gentlyRm don't care about contents; nuking d:\Git\node-app\node_modules\.staging\bcrypt-9458c2c7
256 silly gentlyRm d:\Git\node-app\node_modules\.staging\bcrypt-as-promised-0a40dc92 is being purged from base d:\Git\node-app
257 verbose gentlyRm don't care about contents; nuking d:\Git\node-app\node_modules\.staging\bcrypt-as-promised-0a40dc92
258 verbose tar unpack C:\Users\Owl Consular\AppData\Roaming\npm-cache\bindings\1.2.1\package.tgz
259 verbose tar unpacking to d:\Git\node-app\node_modules\.staging\bindings-f6027d09
260 silly gentlyRm d:\Git\node-app\node_modules\.staging\bindings-f6027d09 is being purged
261 verbose gentlyRm don't care about contents; nuking d:\Git\node-app\node_modules\.staging\bindings-f6027d09
262 verbose tar unpack C:\Users\Owl Consular\AppData\Roaming\npm-cache\nan\2.3.5\package.tgz
263 verbose tar unpacking to d:\Git\node-app\node_modules\.staging\nan-bac56209
264 silly gentlyRm d:\Git\node-app\node_modules\.staging\nan-bac56209 is being purged
265 verbose gentlyRm don't care about contents; nuking d:\Git\node-app\node_modules\.staging\nan-bac56209
266 verbose tar unpack C:\Users\Owl Consular\AppData\Roaming\npm-cache\bcrypt\0.8.7\package.tgz
267 verbose tar unpacking to d:\Git\node-app\node_modules\.staging\bcrypt-9458c2c7
268 silly gentlyRm d:\Git\node-app\node_modules\.staging\bcrypt-9458c2c7 is being purged
269 verbose gentlyRm don't care about contents; nuking d:\Git\node-app\node_modules\.staging\bcrypt-9458c2c7
270 verbose tar unpack C:\Users\Owl Consular\AppData\Roaming\npm-cache\bcrypt-as-promised\1.1.0\package.tgz
271 verbose tar unpacking to d:\Git\node-app\node_modules\.staging\bcrypt-as-promised-0a40dc92
272 silly gentlyRm d:\Git\node-app\node_modules\.staging\bcrypt-as-promised-0a40dc92 is being purged
273 verbose gentlyRm don't care about contents; nuking d:\Git\node-app\node_modules\.staging\bcrypt-as-promised-0a40dc92
274 silly gunzTarPerm modes [ '777', '666' ]
275 silly gunzTarPerm modes [ '777', '666' ]
276 silly gunzTarPerm modes [ '777', '666' ]
277 silly gunzTarPerm modes [ '777', '666' ]
278 silly gunzTarPerm extractEntry package.json
279 silly gunzTarPerm modified mode [ 'package.json', 420, 438 ]
280 silly gunzTarPerm extractEntry package.json
281 silly gunzTarPerm modified mode [ 'package.json', 436, 438 ]
282 silly gunzTarPerm extractEntry package.json
283 silly gunzTarPerm modified mode [ 'package.json', 420, 438 ]
284 silly gunzTarPerm extractEntry package.json
285 silly gunzTarPerm modified mode [ 'package.json', 420, 438 ]
286 silly gunzTarPerm extractEntry README.md
287 silly gunzTarPerm modified mode [ 'README.md', 420, 438 ]
288 silly gunzTarPerm extractEntry bindings.js
289 silly gunzTarPerm modified mode [ 'bindings.js', 420, 438 ]
290 silly gunzTarPerm extractEntry README.md
291 silly gunzTarPerm modified mode [ 'README.md', 436, 438 ]
292 silly gunzTarPerm extractEntry include_dirs.js
293 silly gunzTarPerm modified mode [ 'include_dirs.js', 436, 438 ]
294 silly gunzTarPerm extractEntry .npmignore
295 silly gunzTarPerm modified mode [ '.npmignore', 420, 438 ]
296 silly gunzTarPerm extractEntry README.md
297 silly gunzTarPerm modified mode [ 'README.md', 420, 438 ]
298 silly gunzTarPerm extractEntry .npmignore
299 silly gunzTarPerm modified mode [ '.npmignore', 420, 438 ]
300 silly gunzTarPerm extractEntry LICENSE
301 silly gunzTarPerm modified mode [ 'LICENSE', 420, 438 ]
302 silly gunzTarPerm extractEntry nan_converters.h
303 silly gunzTarPerm modified mode [ 'nan_converters.h', 436, 438 ]
304 silly gunzTarPerm extractEntry LICENSE.md
305 silly gunzTarPerm modified mode [ 'LICENSE.md', 436, 438 ]
306 silly gunzTarPerm extractEntry doc/node_misc.md
307 silly gunzTarPerm modified mode [ 'doc/node_misc.md', 436, 438 ]
308 silly gunzTarPerm extractEntry LICENSE
309 silly gunzTarPerm modified mode [ 'LICENSE', 420, 438 ]
310 silly gunzTarPerm extractEntry bcrypt.js
311 silly gunzTarPerm modified mode [ 'bcrypt.js', 420, 438 ]
312 silly gunzTarPerm extractEntry Makefile
313 silly gunzTarPerm modified mode [ 'Makefile', 420, 438 ]
314 silly gunzTarPerm extractEntry .travis.yml
315 silly gunzTarPerm modified mode [ '.travis.yml', 420, 438 ]
316 silly gunzTarPerm extractEntry CHANGELOG.md
317 silly gunzTarPerm modified mode [ 'CHANGELOG.md', 420, 438 ]
318 silly gunzTarPerm extractEntry binding.gyp
319 silly gunzTarPerm modified mode [ 'binding.gyp', 420, 438 ]
320 silly gunzTarPerm extractEntry examples/async_compare.js
321 silly gunzTarPerm modified mode [ 'examples/async_compare.js', 420, 438 ]
322 silly gunzTarPerm extractEntry examples/forever_gen_salt.js
323 silly gunzTarPerm modified mode [ 'examples/forever_gen_salt.js', 420, 438 ]
324 silly gunzTarPerm extractEntry test/async.js
325 silly gunzTarPerm modified mode [ 'test/async.js', 420, 438 ]
326 silly gunzTarPerm extractEntry test/repetitions.js
327 silly gunzTarPerm modified mode [ 'test/repetitions.js', 420, 438 ]
328 silly gunzTarPerm extractEntry test/sync.js
329 silly gunzTarPerm modified mode [ 'test/sync.js', 420, 438 ]
330 silly gunzTarPerm extractEntry ISSUE_TEMPLATE.md
331 silly gunzTarPerm modified mode [ 'ISSUE_TEMPLATE.md', 420, 438 ]
332 silly gunzTarPerm extractEntry src/bcrypt.cc
333 silly gunzTarPerm modified mode [ 'src/bcrypt.cc', 420, 438 ]
334 silly gunzTarPerm extractEntry src/bcrypt_node.cc
335 silly gunzTarPerm modified mode [ 'src/bcrypt_node.cc', 420, 438 ]
336 silly gunzTarPerm extractEntry src/blowfish.cc
337 silly gunzTarPerm modified mode [ 'src/blowfish.cc', 420, 438 ]
338 silly gunzTarPerm extractEntry src/node_blf.h
339 silly gunzTarPerm modified mode [ 'src/node_blf.h', 420, 438 ]
340 silly gunzTarPerm extractEntry werker.yml
341 silly gunzTarPerm modified mode [ 'werker.yml', 420, 438 ]
342 silly gunzTarPerm extractEntry index.js
343 silly gunzTarPerm modified mode [ 'index.js', 420, 438 ]
344 silly gunzTarPerm extractEntry .travis.yml
345 silly gunzTarPerm modified mode [ '.travis.yml', 420, 438 ]
346 silly gunzTarPerm extractEntry doc/asyncworker.md
347 silly gunzTarPerm modified mode [ 'doc/asyncworker.md', 436, 438 ]
348 silly gunzTarPerm extractEntry Readme.md
349 silly gunzTarPerm modified mode [ 'Readme.md', 420, 438 ]
350 silly gunzTarPerm extractEntry test/index.js
351 silly gunzTarPerm modified mode [ 'test/index.js', 420, 438 ]
352 silly gunzTarPerm extractEntry doc/callback.md
353 silly gunzTarPerm modified mode [ 'doc/callback.md', 436, 438 ]
354 silly gunzTarPerm extractEntry doc/converters.md
355 silly gunzTarPerm modified mode [ 'doc/converters.md', 436, 438 ]
356 silly gunzTarPerm extractEntry doc/errors.md
357 silly gunzTarPerm modified mode [ 'doc/errors.md', 436, 438 ]
358 silly gunzTarPerm extractEntry doc/maybe_types.md
359 silly gunzTarPerm modified mode [ 'doc/maybe_types.md', 436, 438 ]
360 silly gunzTarPerm extractEntry doc/methods.md
361 silly gunzTarPerm modified mode [ 'doc/methods.md', 436, 438 ]
362 silly gunzTarPerm extractEntry doc/new.md
363 silly gunzTarPerm modified mode [ 'doc/new.md', 436, 438 ]
364 silly gentlyRm d:\Git\node-app\node_modules\.staging\bindings-f6027d09\node_modules is being purged
365 verbose gentlyRm don't care about contents; nuking d:\Git\node-app\node_modules\.staging\bindings-f6027d09\node_modules
366 silly gunzTarPerm extractEntry doc/buffers.md
367 silly gunzTarPerm modified mode [ 'doc/buffers.md', 436, 438 ]
368 silly gunzTarPerm extractEntry doc/object_wrappers.md
369 silly gunzTarPerm modified mode [ 'doc/object_wrappers.md', 436, 438 ]
370 silly gunzTarPerm extractEntry doc/persistent.md
371 silly gunzTarPerm modified mode [ 'doc/persistent.md', 436, 438 ]
372 silly gunzTarPerm extractEntry doc/scopes.md
373 silly gunzTarPerm modified mode [ 'doc/scopes.md', 436, 438 ]
374 silly gunzTarPerm extractEntry doc/script.md
375 silly gunzTarPerm modified mode [ 'doc/script.md', 436, 438 ]
376 silly gunzTarPerm extractEntry doc/string_bytes.md
377 silly gunzTarPerm modified mode [ 'doc/string_bytes.md', 436, 438 ]
378 silly gunzTarPerm extractEntry doc/v8_internals.md
379 silly gunzTarPerm modified mode [ 'doc/v8_internals.md', 436, 438 ]
380 silly gunzTarPerm extractEntry doc/v8_misc.md
381 silly gunzTarPerm modified mode [ 'doc/v8_misc.md', 436, 438 ]
382 silly gunzTarPerm extractEntry nan.h
383 silly gunzTarPerm modified mode [ 'nan.h', 436, 438 ]
384 silly gunzTarPerm extractEntry nan_callbacks.h
385 silly gunzTarPerm modified mode [ 'nan_callbacks.h', 436, 438 ]
386 silly gunzTarPerm extractEntry nan_callbacks_12_inl.h
387 silly gunzTarPerm modified mode [ 'nan_callbacks_12_inl.h', 436, 438 ]
388 silly gunzTarPerm extractEntry nan_callbacks_pre_12_inl.h
389 silly gunzTarPerm modified mode [ 'nan_callbacks_pre_12_inl.h', 436, 438 ]
390 silly gunzTarPerm extractEntry nan_converters_43_inl.h
391 silly gunzTarPerm modified mode [ 'nan_converters_43_inl.h', 436, 438 ]
392 silly gunzTarPerm extractEntry nan_converters_pre_43_inl.h
393 silly gunzTarPerm modified mode [ 'nan_converters_pre_43_inl.h', 436, 438 ]
394 silly gunzTarPerm extractEntry nan_implementation_12_inl.h
395 silly gunzTarPerm modified mode [ 'nan_implementation_12_inl.h', 436, 438 ]
396 silly gunzTarPerm extractEntry nan_implementation_pre_12_inl.h
397 silly gunzTarPerm modified mode [ 'nan_implementation_pre_12_inl.h', 436, 438 ]
398 silly gunzTarPerm extractEntry nan_maybe_43_inl.h
399 silly gunzTarPerm modified mode [ 'nan_maybe_43_inl.h', 436, 438 ]
400 silly gunzTarPerm extractEntry nan_maybe_pre_43_inl.h
401 silly gunzTarPerm modified mode [ 'nan_maybe_pre_43_inl.h', 436, 438 ]
402 silly gunzTarPerm extractEntry nan_new.h
403 silly gunzTarPerm modified mode [ 'nan_new.h', 436, 438 ]
404 silly gunzTarPerm extractEntry nan_object_wrap.h
405 silly gunzTarPerm modified mode [ 'nan_object_wrap.h', 436, 438 ]
406 silly gunzTarPerm extractEntry nan_persistent_12_inl.h
407 silly gunzTarPerm modified mode [ 'nan_persistent_12_inl.h', 436, 438 ]
408 silly gunzTarPerm extractEntry nan_persistent_pre_12_inl.h
409 silly gunzTarPerm modified mode [ 'nan_persistent_pre_12_inl.h', 436, 438 ]
410 silly gunzTarPerm extractEntry nan_string_bytes.h
411 silly gunzTarPerm modified mode [ 'nan_string_bytes.h', 436, 438 ]
412 silly gunzTarPerm extractEntry nan_typedarray_contents.h
413 silly gunzTarPerm modified mode [ 'nan_typedarray_contents.h', 436, 438 ]
414 silly gunzTarPerm extractEntry nan_weak.h
415 silly gunzTarPerm modified mode [ 'nan_weak.h', 436, 438 ]
416 silly gunzTarPerm extractEntry CHANGELOG.md
417 silly gunzTarPerm modified mode [ 'CHANGELOG.md', 436, 438 ]
418 silly gunzTarPerm extractEntry tools/package.json
419 silly gunzTarPerm modified mode [ 'tools/package.json', 436, 438 ]
420 silly gunzTarPerm extractEntry tools/README.md
421 silly gunzTarPerm modified mode [ 'tools/README.md', 436, 438 ]
422 silly gunzTarPerm extractEntry tools/1to2.js
423 silly gunzTarPerm modified mode [ 'tools/1to2.js', 509, 511 ]
424 silly gentlyRm d:\Git\node-app\node_modules\.staging\bcrypt-as-promised-0a40dc92\node_modules is being purged
425 verbose gentlyRm don't care about contents; nuking d:\Git\node-app\node_modules\.staging\bcrypt-as-promised-0a40dc92\node_modules
426 silly gentlyRm d:\Git\node-app\node_modules\.staging\bcrypt-9458c2c7\node_modules is being purged
427 verbose gentlyRm don't care about contents; nuking d:\Git\node-app\node_modules\.staging\bcrypt-9458c2c7\node_modules
428 silly gentlyRm d:\Git\node-app\node_modules\.staging\nan-bac56209\node_modules is being purged
429 verbose gentlyRm don't care about contents; nuking d:\Git\node-app\node_modules\.staging\nan-bac56209\node_modules
430 silly doParallel preinstall 4
431 silly preinstall bindings@1.2.1 d:\Git\node-app\node_modules\.staging\bindings-f6027d09
432 info lifecycle bindings@1.2.1~preinstall: bindings@1.2.1
433 silly preinstall nan@2.3.5 d:\Git\node-app\node_modules\.staging\nan-bac56209
434 info lifecycle nan@2.3.5~preinstall: nan@2.3.5
435 silly preinstall bcrypt@0.8.7 d:\Git\node-app\node_modules\.staging\bcrypt-9458c2c7
436 info lifecycle bcrypt@0.8.7~preinstall: bcrypt@0.8.7
437 silly preinstall bcrypt-as-promised@1.1.0 d:\Git\node-app\node_modules\.staging\bcrypt-as-promised-0a40dc92
438 info lifecycle bcrypt-as-promised@1.1.0~preinstall: bcrypt-as-promised@1.1.0
439 silly lifecycle bindings@1.2.1~preinstall: no script for preinstall, continuing
440 silly lifecycle nan@2.3.5~preinstall: no script for preinstall, continuing
441 silly lifecycle bcrypt@0.8.7~preinstall: no script for preinstall, continuing
442 silly lifecycle bcrypt-as-promised@1.1.0~preinstall: no script for preinstall, continuing
443 silly doReverseSerial remove 0
444 silly doSerial move 0
445 silly doSerial finalize 4
446 silly finalize d:\Git\node-app\node_modules\bindings
447 silly finalize d:\Git\node-app\node_modules\nan
448 silly finalize d:\Git\node-app\node_modules\bcrypt
449 silly finalize d:\Git\node-app\node_modules\bcrypt-as-promised
450 silly doSerial build 4
451 silly build bindings@1.2.1
452 info linkStuff bindings@1.2.1
453 silly linkStuff bindings@1.2.1 has d:\Git\node-app\node_modules as its parent node_modules
454 verbose linkBins bindings@1.2.1
455 verbose linkMans bindings@1.2.1
456 silly build nan@2.3.5
457 info linkStuff nan@2.3.5
458 silly linkStuff nan@2.3.5 has d:\Git\node-app\node_modules as its parent node_modules
459 verbose linkBins nan@2.3.5
460 verbose linkMans nan@2.3.5
461 silly build bcrypt@0.8.7
462 info linkStuff bcrypt@0.8.7
463 silly linkStuff bcrypt@0.8.7 has d:\Git\node-app\node_modules as its parent node_modules
464 verbose linkBins bcrypt@0.8.7
465 verbose linkMans bcrypt@0.8.7
466 silly build bcrypt-as-promised@1.1.0
467 info linkStuff bcrypt-as-promised@1.1.0
468 silly linkStuff bcrypt-as-promised@1.1.0 has d:\Git\node-app\node_modules as its parent node_modules
469 verbose linkBins bcrypt-as-promised@1.1.0
470 verbose linkMans bcrypt-as-promised@1.1.0
471 silly doSerial global-link 0
472 silly doParallel update-linked 0
473 silly doSerial install 4
474 silly install bindings@1.2.1 d:\Git\node-app\node_modules\.staging\bindings-f6027d09
475 info lifecycle bindings@1.2.1~install: bindings@1.2.1
476 silly lifecycle bindings@1.2.1~install: no script for install, continuing
477 silly install nan@2.3.5 d:\Git\node-app\node_modules\.staging\nan-bac56209
478 info lifecycle nan@2.3.5~install: nan@2.3.5
479 silly lifecycle nan@2.3.5~install: no script for install, continuing
480 silly install bcrypt@0.8.7 d:\Git\node-app\node_modules\.staging\bcrypt-9458c2c7
481 info lifecycle bcrypt@0.8.7~install: bcrypt@0.8.7
482 verbose lifecycle bcrypt@0.8.7~install: unsafe-perm in lifecycle true
483 verbose lifecycle bcrypt@0.8.7~install: PATH: C:\Program Files\nodejs\node_modules\npm\bin\node-gyp-bin;d:\Git\node-app\node_modules\bcrypt\node_modules\.bin;d:\Git\node-app\node_modules\.bin;C:\ProgramData\Oracle\Java\javapath;C:\Program Files\Ruby23-x64\bin;C:\Program Files (x86)\NVIDIA Corporation\PhysX\Common;C:\Program Files\CollabNet\Subversion Client;C:\Program Files (x86)\Common Files\Intel\Shared Files\cpp\bin\Intel64;C:\Program Files (x86)\CollabNet\Subversion Client;C:\Windows\system32;C:\Windows;C:\Windows\System32\Wbem;C:\Windows\System32\WindowsPowerShell\v1.0\;C:\Program Files (x86)\ATI Technologies\ATI.ACE\Core-Static;C:\Program Files (x86)\Maven\bin;C:\Program Files (x86)\Java\jdk1.7.0_55\bin;C:\Program Files\TortoiseSVN\bin;C:\Program Files\Calibre2\;C:\Program Files (x86)\Windows Live\Shared;C:\Windows\system32\config\systemprofile\.dnx\bin;C:\Program Files\Microsoft DNX\Dnvm\;C:\Program Files\Microsoft SQL Server\130\Tools\Binn\;C:\Program Files\MongoDB\Server\3.4\bin;C:\Program Files (x86)\Skype\Phone\;C:\Program Files\nodejs\;C:\Program Files (x86)\Windows Kits\8.1\Windows Performance Toolkit\;C:\Users\Owl Consular\AppData\Local\atom\bin;C:\Program Files (x86)\Microsoft VS Code\bin;C:\Users\Owl Consular\AppData\Roaming\npm
484 verbose lifecycle bcrypt@0.8.7~install: CWD: d:\Git\node-app\node_modules\bcrypt
485 silly lifecycle bcrypt@0.8.7~install: Args: [ '/d /s /c', 'node-gyp rebuild' ]
486 silly lifecycle bcrypt@0.8.7~install: Returned: code: 1  signal: null
487 info lifecycle bcrypt@0.8.7~install: Failed to exec install script
488 verbose unlock done using C:\Users\Owl Consular\AppData\Roaming\npm-cache\_locks\staging-19eb85a392fedb54.lock for d:\Git\node-app\node_modules\.staging
489 silly rollbackFailedOptional Starting
490 silly rollbackFailedOptional Finishing
491 silly runTopLevelLifecycles Finishing
492 silly install printInstalled
493 warn optional SKIPPING OPTIONAL DEPENDENCY: fsevents@^1.0.0 (node_modules\chokidar\node_modules\fsevents):
494 warn notsup SKIPPING OPTIONAL DEPENDENCY: Unsupported platform for fsevents@1.1.2: wanted {"os":"darwin","arch":"any"} (current: {"os":"win32","arch":"x64"})
495 verbose notsup SKIPPING OPTIONAL DEPENDENCY: Valid OS:    darwin
495 verbose notsup SKIPPING OPTIONAL DEPENDENCY: Valid Arch:  any
495 verbose notsup SKIPPING OPTIONAL DEPENDENCY: Actual OS:   win32
495 verbose notsup SKIPPING OPTIONAL DEPENDENCY: Actual Arch: x64
496 verbose stack Error: bcrypt@0.8.7 install: `node-gyp rebuild`
496 verbose stack Exit status 1
496 verbose stack     at EventEmitter.<anonymous> (C:\Program Files\nodejs\node_modules\npm\lib\utils\lifecycle.js:255:16)
496 verbose stack     at emitTwo (events.js:106:13)
496 verbose stack     at EventEmitter.emit (events.js:191:7)
496 verbose stack     at ChildProcess.<anonymous> (C:\Program Files\nodejs\node_modules\npm\lib\utils\spawn.js:40:14)
496 verbose stack     at emitTwo (events.js:106:13)
496 verbose stack     at ChildProcess.emit (events.js:191:7)
496 verbose stack     at maybeClose (internal/child_process.js:891:16)
496 verbose stack     at Process.ChildProcess._handle.onexit (internal/child_process.js:226:5)
497 verbose pkgid bcrypt@0.8.7
498 verbose cwd d:\Git\node-app
499 error Windows_NT 6.3.9600
500 error argv "C:\\Program Files\\nodejs\\node.exe" "C:\\Program Files\\nodejs\\node_modules\\npm\\bin\\npm-cli.js" "i" "--save" "bcrypt-as-promised"
501 error node v6.11.1
502 error npm  v3.10.10
503 error code ELIFECYCLE
504 error bcrypt@0.8.7 install: `node-gyp rebuild`
504 error Exit status 1
505 error Failed at the bcrypt@0.8.7 install script 'node-gyp rebuild'.
505 error Make sure you have the latest version of node.js and npm installed.
505 error If you do, this is most likely a problem with the bcrypt package,
505 error not with npm itself.
505 error Tell the author that this fails on your system:
505 error     node-gyp rebuild
505 error You can get information on how to open an issue for this project with:
505 error     npm bugs bcrypt
505 error Or if that isn't available, you can get their info via:
505 error     npm owner ls bcrypt
505 error There is likely additional logging output above.
506 verbose exit [ 1, true ]
